2022-12-17 03:15:27,226 INFO  [Log] ********************************** 
2022-12-17 03:15:27,229 INFO  [Log] ***************************************** 
2022-12-17 03:15:27,230 INFO  [Log] ############   My first test case is Login test ################ 
2022-12-17 03:15:27,231 INFO  [Log] ********************************** 
2022-12-17 03:15:27,231 INFO  [Log] ***************************************** 
2022-12-17 03:15:27,232 INFO  [Log] My test is going on 
2022-12-17 03:15:27,232 INFO  [Log] My test case might be failed 
2022-12-17 03:15:34,889 INFO  [Log] My test case is about to complete 
2022-12-17 03:15:34,890 INFO  [Log] ################################## 
2022-12-17 03:15:34,890 INFO  [Log] ########################################## 
2022-12-17 03:15:34,893 INFO  [Log] ############   This is my login test again ################ 
2022-12-17 03:15:34,893 INFO  [Log] ########################## 
2022-12-17 03:15:34,894 INFO  [Log] ########################################## 
2022-12-17 03:21:23,506 INFO  [Log] ********************************** 
2022-12-17 03:21:23,506 INFO  [Log] ***************************************** 
2022-12-17 03:21:23,506 INFO  [Log] ############   My first test case is Login test ################ 
2022-12-17 03:21:23,506 INFO  [Log] ********************************** 
2022-12-17 03:21:23,506 INFO  [Log] ***************************************** 
2022-12-17 03:21:23,507 INFO  [Log] My test is going on 
2022-12-17 03:21:23,507 INFO  [Log] My test case might be failed 
2022-12-17 03:21:26,480 INFO  [Log] My test case is about to complete 
2022-12-17 03:21:26,480 INFO  [Log] ################################## 
2022-12-17 03:21:26,480 INFO  [Log] ########################################## 
2022-12-17 03:21:26,480 INFO  [Log] ############   This is my login test again ################ 
2022-12-17 03:21:26,480 INFO  [Log] ########################## 
2022-12-17 03:21:26,480 INFO  [Log] ########################################## 
2022-12-17 03:31:10,054 INFO  [Log] ********************************** 
2022-12-17 03:31:10,055 INFO  [Log] ***************************************** 
2022-12-17 03:31:10,055 INFO  [Log] ############   My first test case is Login test ################ 
2022-12-17 03:31:10,056 INFO  [Log] ********************************** 
2022-12-17 03:31:10,056 INFO  [Log] ***************************************** 
2022-12-17 03:31:10,056 INFO  [Log] My test is going on 
2022-12-17 03:31:10,056 INFO  [Log] My test case might be failed 
2022-12-17 03:31:22,060 INFO  [Log] My test case is about to complete 
2022-12-17 03:31:22,060 INFO  [Log] ################################## 
2022-12-17 03:31:22,061 INFO  [Log] ########################################## 
2022-12-17 03:31:22,061 INFO  [Log] ############   This is my login test again ################ 
2022-12-17 03:31:22,061 INFO  [Log] ########################## 
2022-12-17 03:31:22,061 INFO  [Log] ########################################## 
